[2020-10-11 23:35:27.478] [exthost] [info] extension host started
[2020-10-11 23:35:27.588] [exthost] [info] ExtensionService#_doActivateExtension vscode.microsoft-authentication {"startup":false,"extensionId":{"value":"vscode.microsoft-authentication","_lower":"vscode.microsoft-authentication"},"activationEvent":"onAuthenticationRequest:microsoft"}
[2020-10-11 23:35:27.588] [exthost] [info] ExtensionService#loadCommonJSModule file:///var/lib/snapd/snap/code/47/usr/share/code/resources/app/extensions/microsoft-authentication/dist/extension.js
[2020-10-11 23:35:27.621] [exthost] [info] ExtensionService#_doActivateExtension ms-vscode.js-debug {"startup":false,"extensionId":{"value":"ms-vscode.js-debug","_lower":"ms-vscode.js-debug"},"activationEvent":"onDebugDynamicConfigurations"}
[2020-10-11 23:35:27.622] [exthost] [info] ExtensionService#loadCommonJSModule file:///var/lib/snapd/snap/code/47/usr/share/code/resources/app/extensions/ms-vscode.js-debug/src/extension.js
[2020-10-11 23:35:28.036] [exthost] [info] ExtensionService#_doActivateExtension vscode.debug-auto-launch {"startup":true,"extensionId":{"value":"vscode.debug-auto-launch","_lower":"vscode.debug-auto-launch"},"activationEvent":"*"}
[2020-10-11 23:35:28.036] [exthost] [info] ExtensionService#loadCommonJSModule file:///var/lib/snapd/snap/code/47/usr/share/code/resources/app/extensions/debug-auto-launch/dist/extension
[2020-10-11 23:35:28.041] [exthost] [info] ExtensionService#_doActivateExtension vscode.emmet {"startup":true,"extensionId":{"value":"vscode.emmet","_lower":"vscode.emmet"},"activationEvent":"*"}
[2020-10-11 23:35:28.041] [exthost] [info] ExtensionService#loadCommonJSModule file:///var/lib/snapd/snap/code/47/usr/share/code/resources/app/extensions/emmet/dist/node/emmetNodeMain
[2020-10-11 23:35:28.075] [exthost] [info] ExtensionService#_doActivateExtension vscode.git {"startup":true,"extensionId":{"value":"vscode.github","_lower":"vscode.github"},"activationEvent":"*"}
[2020-10-11 23:35:28.075] [exthost] [info] ExtensionService#loadCommonJSModule file:///var/lib/snapd/snap/code/47/usr/share/code/resources/app/extensions/git/dist/main
[2020-10-11 23:35:28.157] [exthost] [info] ExtensionService#_doActivateExtension vscode.merge-conflict {"startup":true,"extensionId":{"value":"vscode.merge-conflict","_lower":"vscode.merge-conflict"},"activationEvent":"*"}
[2020-10-11 23:35:28.157] [exthost] [info] ExtensionService#loadCommonJSModule file:///var/lib/snapd/snap/code/47/usr/share/code/resources/app/extensions/merge-conflict/dist/mergeConflictMain
[2020-10-11 23:35:28.163] [exthost] [info] ExtensionService#_doActivateExtension vscode.search-result {"startup":true,"extensionId":{"value":"vscode.search-result","_lower":"vscode.search-result"},"activationEvent":"*"}
[2020-10-11 23:35:28.163] [exthost] [info] ExtensionService#loadCommonJSModule file:///var/lib/snapd/snap/code/47/usr/share/code/resources/app/extensions/search-result/dist/extension.js
[2020-10-11 23:35:28.272] [exthost] [info] ExtensionService#_doActivateExtension vscode.github {"startup":true,"extensionId":{"value":"vscode.github","_lower":"vscode.github"},"activationEvent":"*"}
[2020-10-11 23:35:28.272] [exthost] [info] ExtensionService#loadCommonJSModule file:///var/lib/snapd/snap/code/47/usr/share/code/resources/app/extensions/github/dist/extension.js
[2020-10-11 23:35:28.286] [exthost] [info] eager extensions activated
[2020-10-11 23:35:28.288] [exthost] [info] ExtensionService#_doActivateExtension vscode.github-authentication {"startup":false,"extensionId":{"value":"vscode.github-authentication","_lower":"vscode.github-authentication"},"activationEvent":"onAuthenticationRequest:github"}
[2020-10-11 23:35:28.288] [exthost] [info] ExtensionService#loadCommonJSModule file:///var/lib/snapd/snap/code/47/usr/share/code/resources/app/extensions/github-authentication/dist/extension.js
[2020-10-11 23:35:42.216] [exthost] [info] ExtensionService#_doActivateExtension vscode.configuration-editing {"startup":false,"extensionId":{"value":"vscode.configuration-editing","_lower":"vscode.configuration-editing"},"activationEvent":"onLanguage:json"}
[2020-10-11 23:35:42.216] [exthost] [info] ExtensionService#loadCommonJSModule file:///var/lib/snapd/snap/code/47/usr/share/code/resources/app/extensions/configuration-editing/dist/configurationEditingMain
[2020-10-11 23:35:42.225] [exthost] [info] ExtensionService#_doActivateExtension vscode.extension-editing {"startup":false,"extensionId":{"value":"vscode.extension-editing","_lower":"vscode.extension-editing"},"activationEvent":"onLanguage:json"}
[2020-10-11 23:35:42.225] [exthost] [info] ExtensionService#loadCommonJSModule file:///var/lib/snapd/snap/code/47/usr/share/code/resources/app/extensions/extension-editing/dist/extensionEditingMain
[2020-10-11 23:35:42.258] [exthost] [info] ExtensionService#_doActivateExtension vscode.json-language-features {"startup":false,"extensionId":{"value":"vscode.json-language-features","_lower":"vscode.json-language-features"},"activationEvent":"onLanguage:json"}
[2020-10-11 23:35:42.258] [exthost] [info] ExtensionService#loadCommonJSModule file:///var/lib/snapd/snap/code/47/usr/share/code/resources/app/extensions/json-language-features/client/dist/node/jsonClientMain
[2020-10-11 23:35:42.315] [exthost] [info] ExtensionService#_doActivateExtension vscode.npm {"startup":false,"extensionId":{"value":"vscode.npm","_lower":"vscode.npm"},"activationEvent":"onLanguage:json"}
[2020-10-11 23:35:42.315] [exthost] [info] ExtensionService#loadCommonJSModule file:///var/lib/snapd/snap/code/47/usr/share/code/resources/app/extensions/npm/dist/npmMain
